[01m[K/home/weety/tart5/src/face_tracker/src/facetrack_sim.cpp:[m[K In function â€˜[01m[Kint main(int, char**)[m[Kâ€™:
[01m[K/home/weety/tart5/src/face_tracker/src/facetrack_sim.cpp:10:40:[m[K [01;31m[Kerror: [m[Kâ€˜[01m[Kvisualization_msgs[m[Kâ€™ was not declared in this scope
   ros::Publisher vis_pub = n.advertise<visualization_msgs::Marker>( "visualization_marker", 0 );
[01;32m[K                                        ^[m[K
[01m[K/home/weety/tart5/src/face_tracker/src/facetrack_sim.cpp:10:30:[m[K [01;31m[Kerror: [m[Kparse error in template argument list
   ros::Publisher vis_pub = n.advertise<visualization_msgs::Marker>( "visualization_marker", 0 );
[01;32m[K                              ^[m[K
[01m[K/home/weety/tart5/src/face_tracker/src/facetrack_sim.cpp:10:95:[m[K [01;31m[Kerror: [m[Kno matching function for call to â€˜[01m[Kros::NodeHandle::advertise(const char [21], int)[m[Kâ€™
   ros::Publisher vis_pub = n.advertise<visualization_msgs::Marker>( "visualization_marker", 0 );
[01;32m[K                                                                                               ^[m[K
In file included from [01m[K/opt/ros/kinetic/include/ros/ros.h:45:0[m[K,
                 from [01m[K/home/weety/tart5/src/face_tracker/src/facetrack_sim.cpp:1[m[K:
[01m[K/opt/ros/kinetic/include/ros/node_handle.h:248:15:[m[K [01;36m[Knote: [m[Kcandidate: template<class M> ros::Publisher ros::NodeHandle::advertise(const string&, uint32_t, bool)
     Publisher advertise(const std::string& topic, uint32_t queue_size, bool latch = false)
[01;32m[K               ^[m[K
[01m[K/opt/ros/kinetic/include/ros/node_handle.h:248:15:[m[K [01;36m[Knote: [m[K  template argument deduction/substitution failed:
[01m[K/home/weety/tart5/src/face_tracker/src/facetrack_sim.cpp:10:95:[m[K [01;31m[Kerror: [m[Ktemplate argument 1 is invalid
   ros::Publisher vis_pub = n.advertise<visualization_msgs::Marker>( "visualization_marker", 0 );
[01;32m[K                                                                                               ^[m[K
In file included from [01m[K/opt/ros/kinetic/include/ros/ros.h:45:0[m[K,
                 from [01m[K/home/weety/tart5/src/face_tracker/src/facetrack_sim.cpp:1[m[K:
[01m[K/opt/ros/kinetic/include/ros/node_handle.h:314:13:[m[K [01;36m[Knote: [m[Kcandidate: template<class M> ros::Publisher ros::NodeHandle::advertise(const string&, uint32_t, const SubscriberStatusCallback&, const SubscriberStatusCallback&, const VoidConstPtr&, bool)
   Publisher advertise(const std::string& topic, uint32_t queue_size,
[01;32m[K             ^[m[K
[01m[K/opt/ros/kinetic/include/ros/node_handle.h:314:13:[m[K [01;36m[Knote: [m[K  template argument deduction/substitution failed:
[01m[K/home/weety/tart5/src/face_tracker/src/facetrack_sim.cpp:10:95:[m[K [01;31m[Kerror: [m[Ktemplate argument 1 is invalid
   ros::Publisher vis_pub = n.advertise<visualization_msgs::Marker>( "visualization_marker", 0 );
[01;32m[K                                                                                               ^[m[K
make[2]: *** [CMakeFiles/facetrack_sim.dir/src/facetrack_sim.cpp.o] Error 1
make[1]: *** [CMakeFiles/facetrack_sim.dir/all] Error 2
make: *** [all] Error 2
