[01m[K/home/weety/tart5/src/faceReg/src/facePoseRecognition.cpp:[m[K In function â€˜[01m[Kint main(int, char**)[m[Kâ€™:
[01m[K/home/weety/tart5/src/faceReg/src/facePoseRecognition.cpp:219:38:[m[K [01;31m[Kerror: [m[Kâ€˜[01m[Krotation_vec[m[Kâ€™ was not declared in this scope
      cv::projectPoints(reprojectsrc, rotation_vec, translation_vec, cam_matrix, dist_coeffs, reprojectdst);
[01;32m[K                                      ^[m[K
[01m[K/home/weety/tart5/src/faceReg/src/facePoseRecognition.cpp:219:52:[m[K [01;31m[Kerror: [m[Kâ€˜[01m[Ktranslation_vec[m[Kâ€™ was not declared in this scope
      cv::projectPoints(reprojectsrc, rotation_vec, translation_vec, cam_matrix, dist_coeffs, reprojectdst);
[01;32m[K                                                    ^[m[K
[01m[K/home/weety/tart5/src/faceReg/src/facePoseRecognition.cpp:219:69:[m[K [01;31m[Kerror: [m[Kâ€˜[01m[Kcam_matrix[m[Kâ€™ was not declared in this scope
      cv::projectPoints(reprojectsrc, rotation_vec, translation_vec, cam_matrix, dist_coeffs, reprojectdst);
[01;32m[K                                                                     ^[m[K
[01m[K/home/weety/tart5/src/faceReg/src/facePoseRecognition.cpp:239:37:[m[K [01;31m[Kerror: [m[Kâ€˜[01m[Knose_end_point2D[m[Kâ€™ was not declared in this scope
      cv::line(temp,image_points[0], nose_end_point2D[0], cv::Scalar(255,0,0), 2);
[01;32m[K                                     ^[m[K
make[2]: *** [CMakeFiles/facePoseRecognition.dir/src/facePoseRecognition.cpp.o] Error 1
make[1]: *** [CMakeFiles/facePoseRecognition.dir/all] Error 2
make: *** [all] Error 2
