[01m[K/home/weety/tart5/src/faceReg/src/facetrack_sim.cpp:[m[K In function â€˜[01m[Kint main(int, char**)[m[Kâ€™:
[01m[K/home/weety/tart5/src/faceReg/src/facetrack_sim.cpp:47:2:[m[K [01;31m[Kerror: [m[Kâ€˜[01m[KrosMsg[m[Kâ€™ was not declared in this scope
  rosMsg.header.stamp = ros::Time::now();
[01;32m[K  ^[m[K
[01m[K/home/weety/tart5/src/faceReg/src/facetrack_sim.cpp:51:24:[m[K [01;31m[Kerror: [m[Kno match for call to â€˜[01m[K(visualization_msgs::MarkerArray_<std::allocator<void> >::_markers_type {aka std::vector<visualization_msgs::Marker_<std::allocator<void> >, std::allocator<visualization_msgs::Marker_<std::allocator<void> > > >}) (int)[m[Kâ€™
  marker_array.markers(1).ns = "targetTabletPose";
[01;32m[K                        ^[m[K
make[2]: *** [CMakeFiles/facetrack_sim.dir/src/facetrack_sim.cpp.o] Error 1
make[1]: *** [CMakeFiles/facetrack_sim.dir/all] Error 2
make: *** [all] Error 2
