[01m[K/home/weety/tart5/src/faceReg/src/facetrack_sim.cpp:[m[K In function â€˜[01m[Kint main(int, char**)[m[Kâ€™:
[01m[K/home/weety/tart5/src/faceReg/src/facetrack_sim.cpp:29:17:[m[K [01;31m[Kerror: [m[Kredeclaration of â€˜[01m[Ktf::Quaternion qtr_ref[m[Kâ€™
  tf::Quaternion qtr_ref; 
[01;32m[K                 ^[m[K
[01m[K/home/weety/tart5/src/faceReg/src/facetrack_sim.cpp:23:17:[m[K [01;36m[Knote: [m[Kâ€˜[01m[Ktf::Quaternion qtr_ref[m[Kâ€™ previously declared here
  tf::Quaternion qtr_ref;
[01;32m[K                 ^[m[K
[01m[K/home/weety/tart5/src/faceReg/src/facetrack_sim.cpp:78:2:[m[K [01;31m[Kerror: [m[Kâ€˜[01m[Kqtr_trans[m[Kâ€™ was not declared in this scope
  qtr_trans.Quaternion(marker.pose.orientation.x, marker.pose.orientation.y, marker.pose.orientation.z, marker.pose.orientation.w);
[01;32m[K  ^[m[K
[01m[K/home/weety/tart5/src/faceReg/src/facetrack_sim.cpp:87:40:[m[K [01;31m[Kerror: [m[Kâ€˜[01m[Ktransform[m[Kâ€™ was not declared in this scope
  br.sendTransform(tf::StampedTransform(transform, ros::Time::now(), "base_link", "face_pos"));
[01;32m[K                                        ^[m[K
[01m[K/home/weety/tart5/src/faceReg/src/facetrack_sim.cpp:87:40:[m[K [01;36m[Knote: [m[Ksuggested alternatives:
In file included from [01m[K/usr/include/c++/5/algorithm:62:0[m[K,
                 from [01m[K/usr/include/boost/math/tools/config.hpp:17[m[K,
                 from [01m[K/usr/include/boost/math/special_functions/round.hpp:13[m[K,
                 from [01m[K/opt/ros/kinetic/include/ros/time.h:58[m[K,
                 from [01m[K/opt/ros/kinetic/include/ros/ros.h:38[m[K,
                 from [01m[K/home/weety/tart5/src/faceReg/src/facetrack_sim.cpp:1[m[K:
[01m[K/usr/include/c++/5/bits/stl_algo.h:4201:5:[m[K [01;36m[Knote: [m[K  â€˜[01m[Kstd::transform[m[Kâ€™
     transform(_InputIterator1 __first1, _InputIterator1 __last1,
[01;32m[K     ^[m[K
In file included from [01m[K/usr/include/boost/variant/variant.hpp:86:0[m[K,
                 from [01m[K/usr/include/boost/signals2/slot_base.hpp:22[m[K,
                 from [01m[K/usr/include/boost/signals2/detail/tracked_objects_visitor.hpp:18[m[K,
                 from [01m[K/usr/include/boost/signals2/slot.hpp:22[m[K,
                 from [01m[K/usr/include/boost/signals2/connection.hpp:23[m[K,
                 from [01m[K/usr/include/boost/signals2/signal.hpp:22[m[K,
                 from [01m[K/usr/include/boost/signals2.hpp:19[m[K,
                 from [01m[K/opt/ros/kinetic/include/tf/tf.h:45[m[K,
                 from [01m[K/opt/ros/kinetic/include/tf/transform_broadcaster.h:36[m[K,
                 from [01m[K/home/weety/tart5/src/faceReg/src/facetrack_sim.cpp:8[m[K:
[01m[K/usr/include/boost/mpl/transform.hpp:138:1:[m[K [01;36m[Knote: [m[K  â€˜[01m[Kboost::mpl::transform[m[Kâ€™
 AUX778076_TRANSFORM_DEF(transform)
[01;32m[K ^[m[K
[01m[K/home/weety/tart5/src/faceReg/src/facetrack_sim.cpp:135:68:[m[K [01;31m[Kerror: [m[Kâ€˜[01m[KROLL_DISPLACE[m[Kâ€™ was not declared in this scope
   targetPose.orientation = tf::createQuaternionMsgFromRollPitchYaw(ROLL_DISPLACE,0,0);
[01;32m[K                                                                    ^[m[K
make[2]: *** [CMakeFiles/facetrack_sim.dir/src/facetrack_sim.cpp.o] Error 1
make[1]: *** [CMakeFiles/facetrack_sim.dir/all] Error 2
make[1]: *** Waiting for unfinished jobs....
make: *** [all] Error 2
