[01m[K/home/weety/tart5/src/path_planner/src/path_planner_2.cpp:[m[K In function â€˜[01m[Kint main(int, char**)[m[Kâ€™:
[01m[K/home/weety/tart5/src/path_planner/src/path_planner_2.cpp:112:4:[m[K [01;31m[Kerror: [m[Kâ€˜[01m[Klr[m[Kâ€™ was not declared in this scope
    lr.waitForTransform("base_link", "tablet_target_pos" ,now, ros::Duration(3.0));
[01;32m[K    ^[m[K
make[2]: *** [CMakeFiles/path_planner_2.dir/src/path_planner_2.cpp.o] Error 1
make[1]: *** [CMakeFiles/path_planner_2.dir/all] Error 2
make: *** [all] Error 2
