In file included from [01m[K/opt/ros/kinetic/include/pluginlib/class_loader.h:38:0[m[K,
                 from [01m[K/home/weety/tart5/src/path_planner/src/path_planner_3.cpp:1[m[K:
[01m[K/home/weety/tart5/src/path_planner/src/path_planner_3.cpp:[m[K In function â€˜[01m[Kint main(int, char**)[m[Kâ€™:
[01m[K/home/weety/tart5/src/path_planner/src/path_planner_3.cpp:54:96:[m[K [01;31m[Kerror: [m[Kâ€˜[01m[Ktrajectory_msgs::JointTrajectory_<std::allocator<void> >::_points_type {aka class std::vector<trajectory_msgs::JointTrajectoryPoint_<std::allocator<void> >, std::allocator<trajectory_msgs::JointTrajectoryPoint_<std::allocator<void> > > >}[m[Kâ€™ has no member named â€˜[01m[Kpositions[m[Kâ€™
   ROS_INFO("First value of plan: %s", display_trajectory.trajectory[0].joint_trajectory.points.positions[0].c_str());
[01;32m[K                                                                                                ^[m[K
[01m[K/opt/ros/kinetic/include/ros/console.h:346:165:[m[K [01;36m[Knote: [m[Kin definition of macro â€˜[01m[KROSCONSOLE_PRINT_AT_LOCATION_WITH_FILTER[m[Kâ€™
     ::ros::console::print(filter, __rosconsole_define_location__loc.logger_, __rosconsole_define_location__loc.level_, __FILE__, __LINE__, __ROSCONSOLE_FUNCTION__, __VA_ARGS__)
[01;32m[K                                                                                                                                                                     ^[m[K
[01m[K/opt/ros/kinetic/include/ros/console.h:379:7:[m[K [01;36m[Knote: [m[Kin expansion of macro â€˜[01m[KROSCONSOLE_PRINT_AT_LOCATION[m[Kâ€™
       ROSCONSOLE_PRINT_AT_LOCATION(__VA_ARGS__); \
[01;32m[K       ^[m[K
[01m[K/opt/ros/kinetic/include/ros/console.h:561:35:[m[K [01;36m[Knote: [m[Kin expansion of macro â€˜[01m[KROS_LOG_COND[m[Kâ€™
 #define ROS_LOG(level, name, ...) ROS_LOG_COND(true, level, name, __VA_ARGS__)
[01;32m[K                                   ^[m[K
[01m[K/opt/ros/kinetic/include/rosconsole/macros_generated.h:110:23:[m[K [01;36m[Knote: [m[Kin expansion of macro â€˜[01m[KROS_LOG[m[Kâ€™
 #define ROS_INFO(...) ROS_LOG(::ros::console::levels::Info, ROSCONSOLE_DEFAULT_NAME, __VA_ARGS__)
[01;32m[K                       ^[m[K
[01m[K/home/weety/tart5/src/path_planner/src/path_planner_3.cpp:54:3:[m[K [01;36m[Knote: [m[Kin expansion of macro â€˜[01m[KROS_INFO[m[Kâ€™
   ROS_INFO("First value of plan: %s", display_trajectory.trajectory[0].joint_trajectory.points.positions[0].c_str());
[01;32m[K   ^[m[K
make[2]: *** [CMakeFiles/path_planner_3.dir/src/path_planner_3.cpp.o] Error 1
make[1]: *** [CMakeFiles/path_planner_3.dir/all] Error 2
make: *** [all] Error 2
