[35m[1mScanning dependencies of target path_planner_2[0m
[ 33%] Built target arduino_comm
[ 66%] Built target path_planner
[ 83%] [32mBuilding CXX object CMakeFiles/path_planner_2.dir/src/path_planner_2.cpp.o[0m
[01m[K/home/weety/tart5/src/path_planner/src/path_planner_2.cpp:[m[K In function â€˜[01m[Kint main(int, char**)[m[Kâ€™:
[01m[K/home/weety/tart5/src/path_planner/src/path_planner_2.cpp:71:52:[m[K [01;31m[Kerror: [m[Kâ€˜[01m[Kjoint_model_group[m[Kâ€™ was not declared in this scope
             current_state->copyJointGroupPositions(joint_model_group, joint_group_positions);
[01;32m[K                                                    ^[m[K
[01m[K/home/weety/tart5/src/path_planner/src/path_planner_2.cpp:90:43:[m[K [01;31m[Kerror: [m[Kâ€˜[01m[Kjoint_model_group[m[Kâ€™ was not declared in this scope
    current_state->copyJointGroupPositions(joint_model_group, joint_group_positions);
[01;32m[K                                           ^[m[K
CMakeFiles/path_planner_2.dir/build.make:62: recipe for target 'CMakeFiles/path_planner_2.dir/src/path_planner_2.cpp.o' failed
make[2]: *** [CMakeFiles/path_planner_2.dir/src/path_planner_2.cpp.o] Error 1
CMakeFiles/Makefile2:104: recipe for target 'CMakeFiles/path_planner_2.dir/all' failed
make[1]: *** [CMakeFiles/path_planner_2.dir/all] Error 2
Makefile:138: recipe for target 'all' failed
make: *** [all] Error 2
