[01m[K/home/weety/tart5/src/path_planner/src/arduino_comm.cpp:[m[K In function â€˜[01m[Kint main(int, char**)[m[Kâ€™:
[01m[K/home/weety/tart5/src/path_planner/src/arduino_comm.cpp:44:46:[m[K [01;31m[Kerror: [m[Kno match for â€˜[01m[Koperator*[m[Kâ€™ (operand types are â€˜[01m[Kstd_msgs::Float32 {aka std_msgs::Float32_<std::allocator<void> >}[m[Kâ€™ and â€˜[01m[Kdouble[m[Kâ€™)
      motor_pub[i].publish(joint_states_msg[i]*57.3);
[01;32m[K                                              ^[m[K
In file included from [01m[K/usr/include/boost/detail/container_fwd.hpp:98:0[m[K,
                 from [01m[K/usr/include/boost/functional/hash/extensions.hpp:22[m[K,
                 from [01m[K/usr/include/boost/functional/hash/hash.hpp:558[m[K,
                 from [01m[K/usr/include/boost/functional/hash.hpp:6[m[K,
                 from [01m[K/usr/include/boost/thread/detail/thread.hpp:38[m[K,
                 from [01m[K/usr/include/boost/thread/thread_only.hpp:22[m[K,
                 from [01m[K/usr/include/boost/thread/thread.hpp:12[m[K,
                 from [01m[K/usr/include/boost/thread.hpp:13[m[K,
                 from [01m[K/opt/ros/kinetic/include/class_loader/multi_library_class_loader.h:34[m[K,
                 from [01m[K/opt/ros/kinetic/include/pluginlib/class_loader.h:33[m[K,
                 from [01m[K/home/weety/tart5/src/path_planner/src/arduino_comm.cpp:1[m[K:
[01m[K/usr/include/c++/5/complex:404:5:[m[K [01;36m[Knote: [m[Kcandidate: template<class _Tp> std::complex<_Tp> std::operator*(const _Tp&, const std::complex<_Tp>&)
     operator*(const _Tp& __x, const complex<_Tp>& __y)
[01;32m[K     ^[m[K
[01m[K/usr/include/c++/5/complex:404:5:[m[K [01;36m[Knote: [m[K  template argument deduction/substitution failed:
[01m[K/home/weety/tart5/src/path_planner/src/arduino_comm.cpp:44:47:[m[K [01;36m[Knote: [m[K  mismatched types â€˜[01m[Kconst std::complex<_Tp>[m[Kâ€™ and â€˜[01m[Kdouble[m[Kâ€™
      motor_pub[i].publish(joint_states_msg[i]*57.3);
[01;32m[K                                               ^[m[K
In file included from [01m[K/usr/include/boost/detail/container_fwd.hpp:98:0[m[K,
                 from [01m[K/usr/include/boost/functional/hash/extensions.hpp:22[m[K,
                 from [01m[K/usr/include/boost/functional/hash/hash.hpp:558[m[K,
                 from [01m[K/usr/include/boost/functional/hash.hpp:6[m[K,
                 from [01m[K/usr/include/boost/thread/detail/thread.hpp:38[m[K,
                 from [01m[K/usr/include/boost/thread/thread_only.hpp:22[m[K,
                 from [01m[K/usr/include/boost/thread/thread.hpp:12[m[K,
                 from [01m[K/usr/include/boost/thread.hpp:13[m[K,
                 from [01m[K/opt/ros/kinetic/include/class_loader/multi_library_class_loader.h:34[m[K,
                 from [01m[K/opt/ros/kinetic/include/pluginlib/class_loader.h:33[m[K,
                 from [01m[K/home/weety/tart5/src/path_planner/src/arduino_comm.cpp:1[m[K:
[01m[K/usr/include/c++/5/complex:395:5:[m[K [01;36m[Knote: [m[Kcandidate: template<class _Tp> std::complex<_Tp> std::operator*(const std::complex<_Tp>&, const _Tp&)
     operator*(const complex<_Tp>& __x, const _Tp& __y)
[01;32m[K     ^[m[K
[01m[K/usr/include/c++/5/complex:395:5:[m[K [01;36m[Knote: [m[K  template argument deduction/substitution failed:
[01m[K/home/weety/tart5/src/path_planner/src/arduino_comm.cpp:44:47:[m[K [01;36m[Knote: [m[K  â€˜[01m[Kstd_msgs::Float32 {aka std_msgs::Float32_<std::allocator<void> >}[m[Kâ€™ is not derived from â€˜[01m[Kconst std::complex<_Tp>[m[Kâ€™
      motor_pub[i].publish(joint_states_msg[i]*57.3);
[01;32m[K                                               ^[m[K
In file included from [01m[K/usr/include/boost/detail/container_fwd.hpp:98:0[m[K,
                 from [01m[K/usr/include/boost/functional/hash/extensions.hpp:22[m[K,
                 from [01m[K/usr/include/boost/functional/hash/hash.hpp:558[m[K,
                 from [01m[K/usr/include/boost/functional/hash.hpp:6[m[K,
                 from [01m[K/usr/include/boost/thread/detail/thread.hpp:38[m[K,
                 from [01m[K/usr/include/boost/thread/thread_only.hpp:22[m[K,
                 from [01m[K/usr/include/boost/thread/thread.hpp:12[m[K,
                 from [01m[K/usr/include/boost/thread.hpp:13[m[K,
                 from [01m[K/opt/ros/kinetic/include/class_loader/multi_library_class_loader.h:34[m[K,
                 from [01m[K/opt/ros/kinetic/include/pluginlib/class_loader.h:33[m[K,
                 from [01m[K/home/weety/tart5/src/path_planner/src/arduino_comm.cpp:1[m[K:
[01m[K/usr/include/c++/5/complex:386:5:[m[K [01;36m[Knote: [m[Kcandidate: template<class _Tp> std::complex<_Tp> std::operator*(const std::complex<_Tp>&, const std::complex<_Tp>&)
     operator*(const complex<_Tp>& __x, const complex<_Tp>& __y)
[01;32m[K     ^[m[K
[01m[K/usr/include/c++/5/complex:386:5:[m[K [01;36m[Knote: [m[K  template argument deduction/substitution failed:
[01m[K/home/weety/tart5/src/path_planner/src/arduino_comm.cpp:44:47:[m[K [01;36m[Knote: [m[K  â€˜[01m[Kstd_msgs::Float32 {aka std_msgs::Float32_<std::allocator<void> >}[m[Kâ€™ is not derived from â€˜[01m[Kconst std::complex<_Tp>[m[Kâ€™
      motor_pub[i].publish(joint_states_msg[i]*57.3);
[01;32m[K                                               ^[m[K
make[2]: *** [CMakeFiles/arduino_comm.dir/src/arduino_comm.cpp.o] Error 1
make[1]: *** [CMakeFiles/arduino_comm.dir/all] Error 2
make: *** [all] Error 2
