[01m[K/home/weety/tart5/src/path_planner/src/path_planner_2.cpp:[m[K In function â€˜[01m[Kvoid actionNodeCallback(const ConstPtr&)[m[Kâ€™:
[01m[K/home/weety/tart5/src/path_planner/src/path_planner_2.cpp:29:2:[m[K [01;31m[Kerror: [m[Kâ€˜[01m[Ktransform1[m[Kâ€™ was not declared in this scope
  transform1.setOrigin( tf::Vector3(marker.pose.position.x, marker.pose.position.y, marker.pose.position.z));
[01;32m[K  ^[m[K
[01m[K/home/weety/tart5/src/path_planner/src/path_planner_2.cpp:29:2:[m[K [01;36m[Knote: [m[Ksuggested alternative:
In file included from [01m[K/usr/include/boost/mpl/remove_if.hpp:25:0[m[K,
                 from [01m[K/usr/include/boost/math/policies/policy.hpp:13[m[K,
                 from [01m[K/usr/include/boost/math/policies/error_handling.hpp:19[m[K,
                 from [01m[K/usr/include/boost/math/special_functions/round.hpp:14[m[K,
                 from [01m[K/opt/ros/kinetic/include/ros/time.h:58[m[K,
                 from [01m[K/opt/ros/kinetic/include/ros/console.h:39[m[K,
                 from [01m[K/opt/ros/kinetic/include/pluginlib/class_loader.h:38[m[K,
                 from [01m[K/home/weety/tart5/src/path_planner/src/path_planner_2.cpp:1[m[K:
[01m[K/usr/include/boost/mpl/transform.hpp:113:1:[m[K [01;36m[Knote: [m[K  â€˜[01m[Kboost::mpl::transform1[m[Kâ€™
 BOOST_MPL_AUX_INSERTER_ALGORITHM_DEF(3, transform1)                    
[01;32m[K ^[m[K
[01m[K/home/weety/tart5/src/path_planner/src/path_planner_2.cpp:29:36:[m[K [01;31m[Kerror: [m[Kâ€˜[01m[Kmarker[m[Kâ€™ was not declared in this scope
  transform1.setOrigin( tf::Vector3(marker.pose.position.x, marker.pose.position.y, marker.pose.position.z));
[01;32m[K                                    ^[m[K
[01m[K/home/weety/tart5/src/path_planner/src/path_planner_2.cpp:30:49:[m[K [01;31m[Kerror: [m[Kâ€˜[01m[Kqtr_trans1[m[Kâ€™ was not declared in this scope
  tf::quaternionMsgToTF(marker.pose.orientation, qtr_trans1);
[01;32m[K                                                 ^[m[K
[01m[K/home/weety/tart5/src/path_planner/src/path_planner_2.cpp:32:2:[m[K [01;31m[Kerror: [m[Kâ€˜[01m[Kbr[m[Kâ€™ was not declared in this scope
  br.sendTransform(tf::StampedTransform(transform1, ros::Time::now(), "base_link", "face_pos"));
[01;32m[K  ^[m[K
make[2]: *** [CMakeFiles/path_planner_2.dir/src/path_planner_2.cpp.o] Error 1
make[1]: *** [CMakeFiles/path_planner_2.dir/all] Error 2
make: *** [all] Error 2
