[01m[K/home/weety/tart5/src/path_planner/src/path_planner_2.cpp:[m[K In function â€˜[01m[Kint main(int, char**)[m[Kâ€™:
[01m[K/home/weety/tart5/src/path_planner/src/path_planner_2.cpp:70:20:[m[K [01;31m[Kerror: [m[Kâ€˜[01m[Kmove_group[m[Kâ€™ was not declared in this scope
    current_state = move_group.getCurrentState();
[01;32m[K                    ^[m[K
[01m[K/home/weety/tart5/src/path_planner/src/path_planner_2.cpp:71:52:[m[K [01;31m[Kerror: [m[Kâ€˜[01m[Kjoint_model_group[m[Kâ€™ was not declared in this scope
             current_state->copyJointGroupPositions(joint_model_group, joint_group_positions);
[01;32m[K                                                    ^[m[K
[01m[K/home/weety/tart5/src/path_planner/src/path_planner_2.cpp:89:20:[m[K [01;31m[Kerror: [m[Kâ€˜[01m[Kmove_group[m[Kâ€™ was not declared in this scope
    current_state = move_group.getCurrentState();
[01;32m[K                    ^[m[K
[01m[K/home/weety/tart5/src/path_planner/src/path_planner_2.cpp:90:43:[m[K [01;31m[Kerror: [m[Kâ€˜[01m[Kjoint_model_group[m[Kâ€™ was not declared in this scope
    current_state->copyJointGroupPositions(joint_model_group, joint_group_positions);
[01;32m[K                                           ^[m[K
make[2]: *** [CMakeFiles/path_planner_2.dir/src/path_planner_2.cpp.o] Error 1
make[1]: *** [CMakeFiles/path_planner_2.dir/all] Error 2
make: *** [all] Error 2
