[01m[K/home/weety/tart5/src/path_planner/src/path_planner_2.cpp:[m[K In function â€˜[01m[Kint main(int, char**)[m[Kâ€™:
[01m[K/home/weety/tart5/src/path_planner/src/path_planner_2.cpp:70:13:[m[K [01;31m[Kerror: [m[Kâ€˜[01m[Kcurrent_state[m[Kâ€™ was not declared in this scope
             current_state->copyJointGroupPositions(joint_model_group, joint_group_positions);
[01;32m[K             ^[m[K
[01m[K/home/weety/tart5/src/path_planner/src/path_planner_2.cpp:70:52:[m[K [01;31m[Kerror: [m[Kâ€˜[01m[Kjoint_model_group[m[Kâ€™ was not declared in this scope
             current_state->copyJointGroupPositions(joint_model_group, joint_group_positions);
[01;32m[K                                                    ^[m[K
[01m[K/home/weety/tart5/src/path_planner/src/path_planner_2.cpp:72:13:[m[K [01;31m[Kerror: [m[Kâ€˜[01m[Kmove_group[m[Kâ€™ was not declared in this scope
             move_group.setJointValueTarget(joint_group_positions);
[01;32m[K             ^[m[K
[01m[K/home/weety/tart5/src/path_planner/src/path_planner_2.cpp:73:4:[m[K [01;31m[Kerror: [m[Kâ€˜[01m[Ksuccess[m[Kâ€™ was not declared in this scope
    success = move_group.plan(my_plan);
[01;32m[K    ^[m[K
[01m[K/home/weety/tart5/src/path_planner/src/path_planner_2.cpp:73:4:[m[K [01;36m[Knote: [m[Ksuggested alternatives:
In file included from [01m[K/usr/include/boost/exception/detail/exception_ptr.hpp:23:0[m[K,
                 from [01m[K/usr/include/boost/exception_ptr.hpp:9[m[K,
                 from [01m[K/usr/include/boost/thread/exceptional_ptr.hpp:10[m[K,
                 from [01m[K/usr/include/boost/thread/future.hpp:23[m[K,
                 from [01m[K/usr/include/boost/thread.hpp:24[m[K,
                 from [01m[K/opt/ros/kinetic/include/class_loader/multi_library_class_loader.h:34[m[K,
                 from [01m[K/opt/ros/kinetic/include/pluginlib/class_loader.h:33[m[K,
                 from [01m[K/home/weety/tart5/src/path_planner/src/path_planner_2.cpp:1[m[K:
[01m[K/usr/include/boost/exception/detail/clone_current_exception.hpp:34:23:[m[K [01;36m[Knote: [m[K  â€˜[01m[Kboost::exception_detail::clone_current_exception_result::success[m[Kâ€™
             int const success=0;
[01;32m[K                       ^[m[K
In file included from [01m[K/usr/include/boost/system/system_error.hpp:14:0[m[K,
                 from [01m[K/usr/include/boost/thread/exceptions.hpp:22[m[K,
                 from [01m[K/usr/include/boost/thread/pthread/recursive_mutex.hpp:11[m[K,
                 from [01m[K/usr/include/boost/thread/recursive_mutex.hpp:16[m[K,
                 from [01m[K/opt/ros/kinetic/include/class_loader/class_loader.h:34[m[K,
                 from [01m[K/opt/ros/kinetic/include/class_loader/multi_library_class_loader.h:33[m[K,
                 from [01m[K/opt/ros/kinetic/include/pluginlib/class_loader.h:33[m[K,
                 from [01m[K/home/weety/tart5/src/path_planner/src/path_planner_2.cpp:1[m[K:
[01m[K/usr/include/boost/system/error_code.hpp:59:9:[m[K [01;36m[Knote: [m[K  â€˜[01m[Ksuccess[m[Kâ€™
         success = 0,
[01;32m[K         ^[m[K
[01m[K/home/weety/tart5/src/path_planner/src/path_planner_2.cpp:73:30:[m[K [01;31m[Kerror: [m[Kâ€˜[01m[Kmy_plan[m[Kâ€™ was not declared in this scope
    success = move_group.plan(my_plan);
[01;32m[K                              ^[m[K
[01m[K/home/weety/tart5/src/path_planner/src/path_planner_2.cpp:89:4:[m[K [01;31m[Kerror: [m[Kâ€˜[01m[Kcurrent_state[m[Kâ€™ was not declared in this scope
    current_state->copyJointGroupPositions(joint_model_group, joint_group_positions);
[01;32m[K    ^[m[K
[01m[K/home/weety/tart5/src/path_planner/src/path_planner_2.cpp:89:43:[m[K [01;31m[Kerror: [m[Kâ€˜[01m[Kjoint_model_group[m[Kâ€™ was not declared in this scope
    current_state->copyJointGroupPositions(joint_model_group, joint_group_positions);
[01;32m[K                                           ^[m[K
[01m[K/home/weety/tart5/src/path_planner/src/path_planner_2.cpp:91:13:[m[K [01;31m[Kerror: [m[Kâ€˜[01m[Kmove_group[m[Kâ€™ was not declared in this scope
             move_group.setJointValueTarget(joint_group_positions);
[01;32m[K             ^[m[K
[01m[K/home/weety/tart5/src/path_planner/src/path_planner_2.cpp:92:4:[m[K [01;31m[Kerror: [m[Kâ€˜[01m[Ksuccess[m[Kâ€™ was not declared in this scope
    success = move_group.plan(my_plan);  
[01;32m[K    ^[m[K
[01m[K/home/weety/tart5/src/path_planner/src/path_planner_2.cpp:92:4:[m[K [01;36m[Knote: [m[Ksuggested alternatives:
In file included from [01m[K/usr/include/boost/exception/detail/exception_ptr.hpp:23:0[m[K,
                 from [01m[K/usr/include/boost/exception_ptr.hpp:9[m[K,
                 from [01m[K/usr/include/boost/thread/exceptional_ptr.hpp:10[m[K,
                 from [01m[K/usr/include/boost/thread/future.hpp:23[m[K,
                 from [01m[K/usr/include/boost/thread.hpp:24[m[K,
                 from [01m[K/opt/ros/kinetic/include/class_loader/multi_library_class_loader.h:34[m[K,
                 from [01m[K/opt/ros/kinetic/include/pluginlib/class_loader.h:33[m[K,
                 from [01m[K/home/weety/tart5/src/path_planner/src/path_planner_2.cpp:1[m[K:
[01m[K/usr/include/boost/exception/detail/clone_current_exception.hpp:34:23:[m[K [01;36m[Knote: [m[K  â€˜[01m[Kboost::exception_detail::clone_current_exception_result::success[m[Kâ€™
             int const success=0;
[01;32m[K                       ^[m[K
In file included from [01m[K/usr/include/boost/system/system_error.hpp:14:0[m[K,
                 from [01m[K/usr/include/boost/thread/exceptions.hpp:22[m[K,
                 from [01m[K/usr/include/boost/thread/pthread/recursive_mutex.hpp:11[m[K,
                 from [01m[K/usr/include/boost/thread/recursive_mutex.hpp:16[m[K,
                 from [01m[K/opt/ros/kinetic/include/class_loader/class_loader.h:34[m[K,
                 from [01m[K/opt/ros/kinetic/include/class_loader/multi_library_class_loader.h:33[m[K,
                 from [01m[K/opt/ros/kinetic/include/pluginlib/class_loader.h:33[m[K,
                 from [01m[K/home/weety/tart5/src/path_planner/src/path_planner_2.cpp:1[m[K:
[01m[K/usr/include/boost/system/error_code.hpp:59:9:[m[K [01;36m[Knote: [m[K  â€˜[01m[Ksuccess[m[Kâ€™
         success = 0,
[01;32m[K         ^[m[K
[01m[K/home/weety/tart5/src/path_planner/src/path_planner_2.cpp:92:30:[m[K [01;31m[Kerror: [m[Kâ€˜[01m[Kmy_plan[m[Kâ€™ was not declared in this scope
    success = move_group.plan(my_plan);  
[01;32m[K                              ^[m[K
make[2]: *** [CMakeFiles/path_planner_2.dir/src/path_planner_2.cpp.o] Error 1
make[1]: *** [CMakeFiles/path_planner_2.dir/all] Error 2
make: *** [all] Error 2
