[01m[K/home/weety/tart5/src/path_planner/src/path_planner.cpp:[m[K In function â€˜[01m[Kint main(int, char**)[m[Kâ€™:
[01m[K/home/weety/tart5/src/path_planner/src/path_planner.cpp:36:27:[m[K [01;31m[Kerror: [m[Kâ€˜[01m[Kmy_plan[m[Kâ€™ was not declared in this scope
   joint_states_msg.name = my_plan.trajectory_.joint_trajectory.joint_names; 
[01;32m[K                           ^[m[K
make[2]: *** [CMakeFiles/path_planner.dir/src/path_planner.cpp.o] Error 1
make[1]: *** [CMakeFiles/path_planner.dir/all] Error 2
make: *** [all] Error 2
