Traceback (most recent call last):
  File "/opt/ros/kinetic/share/catkin/cmake/interrogate_setup_dot_py.py", line 259, in <module>
    main()
  File "/opt/ros/kinetic/share/catkin/cmake/interrogate_setup_dot_py.py", line 250, in main
    exec(fh.read(), {{}}, local_vars)
  File "<string>", line 10
SyntaxError: keyword argument repeated
[31m[1mCMake Error[0m at /opt/ros/kinetic/share/catkin/cmake/safe_execute_process.cmake:11 (message):

  execute_process(/home/weety/tart5/build/tart_python/catkin_generated/env_cached.sh
  "/usr/bin/python"
  "/opt/ros/kinetic/share/catkin/cmake/interrogate_setup_dot_py.py"
  "tart_python" "/home/weety/tart5/src/tart_python/setup.py"
  "/home/weety/tart5/build/tart_python/catkin_generated/setup_py_interrogation.cmake")
  returned error code 1
[36mCall Stack (most recent call first):[0m
  /opt/ros/kinetic/share/catkin/cmake/catkin_python_setup.cmake:69 (safe_execute_process)
  CMakeLists.txt:22 (catkin_python_setup)


make: *** [cmake_check_build_system] Error 1
